Build started 09.06.2015 18:33:37.
     1>Project "C:\Users\user\Documents\Visual Studio 2013\Projects\stolen_parser\stolen_parser\stolen_parser.vcxproj" on node 2 (Build target(s)).
     1>C:\Program Files (x86)\MSBuild\Microsoft.Cpp\v4.0\V120\Microsoft.CppBuild.targets(381,5): warning MSB8028: The intermediate directory (Debug\) contains files shared from another project (stolen_parser.vcxproj).  This can lead to incorrect clean and rebuild behavior.
     1>ClCompile:
         C:\Program Files (x86)\Microsoft Visual Studio 12.0\VC\bin\CL.exe /c /ZI /nologo /W3 /WX- /Od /Oy- /D WIN32 /D _DEBUG /D _CONSOLE /D _LIB /D _UNICODE /D UNICODE /Gm /EHsc /RTC1 /MDd /GS /fp:precise /Zc:wchar_t /Zc:forScope /Fo"Debug\\" /Fd"Debug\vc120.pdb" /Gd /TP /analyze- /errorReport:prompt Lexer.cpp LrItem.cpp Production.cpp ProductionLexer.cpp Symbol.cpp
         Lexer.cpp
         Generating Code...
         Skipping... (no relevant changes detected)
         Symbol.cpp
         ProductionLexer.cpp
         Production.cpp
         LrItem.cpp
       Link:
         C:\Program Files (x86)\Microsoft Visual Studio 12.0\VC\bin\link.exe /ERRORREPORT:PROMPT /OUT:"C:\Users\user\Documents\Visual Studio 2013\Projects\stolen_parser\Debug\parser.exe" /INCREMENTAL /NOLOGO kernel32.lib user32.lib gdi32.lib winspool.lib comdlg32.lib advapi32.lib shell32.lib ole32.lib oleaut32.lib uuid.lib odbc32.lib odbccp32.lib /MANIFEST /MANIFESTUAC:"level='asInvoker' uiAccess='false'" /manifest:embed /DEBUG /PDB:"C:\Users\user\Documents\Visual Studio 2013\Projects\stolen_parser\Debug\parser.pdb" /SUBSYSTEM:CONSOLE /TLBID:1 /DYNAMICBASE /NXCOMPAT /IMPLIB:"C:\Users\user\Documents\Visual Studio 2013\Projects\stolen_parser\Debug\parser.lib" /MACHINE:X86 Debug\Integer.obj
         Debug\Lexer.obj
         Debug\LrItem.obj
         Debug\main.obj
         Debug\Oracle.obj
         Debug\OracleBuilder.obj
         Debug\Production.obj
         Debug\ProductionLexer.obj
         Debug\Symbol.obj
         Debug\SyntaxAnalyser.obj
         stolen_parser.vcxproj -> C:\Users\user\Documents\Visual Studio 2013\Projects\stolen_parser\Debug\parser.exe
     1>Done Building Project "C:\Users\user\Documents\Visual Studio 2013\Projects\stolen_parser\stolen_parser\stolen_parser.vcxproj" (Build target(s)).

Build succeeded.

Time Elapsed 00:00:05.52
